[LOG] System::create                           : Header version = 2.02.20. Current version = 2.02.20.
[LOG] Manager::init                            : maxchannels = 256 studioflags = 00000006 flags 00000000 extradriverdata 0000000000000000.
[LOG] SystemI::init                            : Initialize version=20220 (139317), maxchannels=256, flags=0x00020000
[LOG] SystemI::setOutputInternal               : Setting output to 'FMOD WASAPI Output'
[LOG] OutputWASAPI::init                       : Mix Format (WAVEFORMATEX): wFormatTag=0xFFFE, nChannels=2, nSamplesPerSec=48000, nAvgBytesPerSec=384000, nBlockAlign=8, wBitsPerSample=32, cbSize=22.
[LOG] OutputWASAPI::init                       : Mix Format (WAVEFORMATEXTENSIBLE): wValidBitsPerSample=32, dwChannelMask=0x00000003, SubFormat=00000003-0000-0010-8000-00AA00389B71.
[LOG] OutputWASAPI::init                       : Output buffer size: 4096 samples, latency: 0.00ms, period: 10.00ms, DSP buffer: 1024 * 4
[LOG] Thread::initThread                       : Init FMOD stream thread. Affinity: 0x4000000000000003, Priority: 0xFFFF7FFB, Stack Size: 98304, Semaphore: No, Sleep Time: 10, Looping: Yes.
[LOG] Thread::initThread                       : Init FMOD mixer thread. Affinity: 0x4000000000000001, Priority: 0xFFFF7FFA, Stack Size: 81920, Semaphore: No, Sleep Time: 0, Looping: Yes.
[LOG] AsyncManager::init                       : manager 0000021A3210CB58 isAsync 0 updatePeriod 0.02
[LOG] AsyncManager::init                       : done
[LOG] PlaybackSystem::init                     : 
[LOG] Thread::initThread                       : Init FMOD Studio sample load thread. Affinity: 0x4000000000000003, Priority: 0xFFFF7FFD, Stack Size: 98304, Semaphore: No, Sleep Time: 1, Looping: No.
[LOG] PlaybackSystem::init                     : done
[LOG] Thread::initThread                       : Init FMOD Studio bank load thread. Affinity: 0x4000000000000003, Priority: 0xFFFF7FFD, Stack Size: 98304, Semaphore: No, Sleep Time: 1, Looping: No.
[LOG] Manager::init                            : done.
[LOG] Manager::readBank                        : fileversion = 142, compatVersion = 140 (oldest = 44, newest = 142)
[LOG] Manager::readBank                        : fileversion = 142, compatVersion = 140 (oldest = 44, newest = 142)
[LOG] Manager::readBank                        : fileversion = 142, compatVersion = 140 (oldest = 44, newest = 142)
[LOG] PlaybackSystem::acquireMasterBus         : Setting master channel group format to 6
[LOG] Manager::readBank                        : fileversion = 142, compatVersion = 140 (oldest = 44, newest = 142)
[LOG] SoundI::release                          : Ambient Nothingness Main (00000219E61302D8)
[LOG] SoundI::release                          :     Ambient Nothingness Main (000002185ED38C08)
[LOG] SoundI::release                          :     Ambient Nothingness Main (00000219A3C7A3F8)
[LOG] SoundI::release                          :  (0000021A6C5205E8)
[LOG] SoundI::release                          :     Footsteps_DirtyGround_Run_01 (0000021A644A9C38)
[LOG] SoundI::release                          :  (0000021AB2AD8998)
[LOG] SoundI::release                          :     Footsteps_DirtyGround_Run_02 (0000021AB2AC1618)
[LOG] SoundI::release                          :  (0000021AB2AD8C78)
[LOG] SoundI::release                          :     Footsteps_DirtyGround_Run_03 (0000021A6513F358)
[LOG] SoundI::release                          :  (0000021A6C520308)
[LOG] SoundI::release                          :     Footsteps_DirtyGround_Run_04 (0000021A644A9418)
[LOG] SoundI::release                          :  (0000021AB2AD86B8)
[LOG] SoundI::release                          :     Footsteps_DirtyGround_Run_05 (0000021A6513E998)
[LOG] SoundI::release                          :  (0000021AB2AD90C8)
[LOG] SoundI::release                          :     Footsteps_DirtyGround_Run_06 (0000021AB2AC17B8)
[LOG] SoundI::release                          :  (0000021A6C520198)
[LOG] SoundI::release                          :     Footsteps_DirtyGround_Run_07 (0000021A644A9A98)
[LOG] SoundI::release                          :  (0000021AB2AD93A8)
[LOG] SoundI::release                          :     Footsteps_DirtyGround_Run_08 (0000021A6513F1B8)
[LOG] SoundI::release                          :  (0000021A6C51F8F8)
[LOG] SoundI::release                          :     Footsteps_DirtyGround_Run_09 (0000021A644A9278)
[LOG] SoundI::release                          :  (0000021AB2AD9238)
[LOG] SoundI::release                          :     Footsteps_DirtyGround_Run_10 (0000021A6513EE78)
[LOG] Thread::callback                         : FMOD Studio update thread finished.
[LOG] Thread::callback                         : FMOD Studio bank load thread finished.
[LOG] Profile::disconnectAll                   : Profiler disconnecting all clients
[LOG] Thread::callback                         : FMOD Studio sample load thread finished.
[LOG] LiveUpdate::release                      : 
[LOG] LiveUpdate::reset                        : Reset connection (reason Disconnected)
[LOG] Thread::callback                         : FMOD stream thread finished.
[LOG] Thread::callback                         : FMOD mixer thread finished.
[LOG] Profile::disconnectAll                   : Profiler disconnecting all clients
[LOG] SystemI::close                           : Closed.
[LOG] Manager::readBank                        : fileversion = 142, compatVersion = 140 (oldest = 44, newest = 142)
[LOG] Manager::readBank                        : fileversion = 142, compatVersion = 140 (oldest = 44, newest = 142)
[LOG] PlaybackSystem::acquireMasterBus         : Setting master channel group format to 6
[LOG] Manager::readBank                        : fileversion = 142, compatVersion = 140 (oldest = 44, newest = 142)
[LOG] Manager::readBank                        : fileversion = 142, compatVersion = 140 (oldest = 44, newest = 142)
[LOG] SystemI::createSoundInternal             : Create name='', mode=0x02000202
[LOG] SystemI::createSoundInternal             : exinfo->cbsize             = 224
[LOG] SystemI::createSoundInternal             : exinfo->length             = 222048
[LOG] SystemI::createSoundInternal             : exinfo->fileoffset         = 15648
[LOG] SystemI::createSoundInternal             : exinfo->numsubsounds       = 1
[LOG] SystemI::createSoundInternal             : exinfo->inclusionlist      = 000000AD147DEF38
[LOG] SystemI::createSoundInternal             : exinfo->inclusionlistnum   = 1
[LOG] SystemI::createSoundInternal             : exinfo->suggestedsoundtype = 5
[LOG] SystemI::createSoundInternal             : exinfo->useropen           = 00007FFB52653F70
[LOG] SystemI::createSoundInternal             : exinfo->userclose          = 00007FFB52653F30
[LOG] SystemI::createSoundInternal             : exinfo->userread           = 00007FFB52654050
[LOG] SystemI::createSoundInternal             : exinfo->userseek           = 00007FFB52654110
[LOG] SystemI::createSoundInternal             : exinfo->fileuserdata       = 0000021A64FB33B8
[LOG] SystemI::createSoundInternal             : exinfo->initialseekpostype = 1
[LOG] SystemI::DSPCodecPoolRegister            : register codec pool for pool type 5
[LOG] SystemI::createSoundInternal             : Sample 0/1: name='dinosaur-5', format=5, channels=2, frequency=48000, lengthbytes=2656, lengthpcm=10971, pcmblocksize=0, loopstart=0, loopend=0, mode=0x00000000, channelmask=0x00000000, channelorder=0, peakvolume=0.527191.
[LOG] SoundI::release                          :  (0000021AB2AD90C8)
[LOG] SoundI::release                          :     dinosaur-5 (0000021A6513E998)
[LOG] Thread::callback                         : FMOD Studio bank load thread finished.
[LOG] Thread::callback                         : FMOD Studio sample load thread finished.
[LOG] LiveUpdate::release                      : 
[LOG] LiveUpdate::reset                        : Reset connection (reason Disconnected)
[LOG] Thread::callback                         : FMOD stream thread finished.
[LOG] Thread::callback                         : FMOD mixer thread finished.
[LOG] SystemI::close                           : Closed.
[LOG] Thread::callback                         : FMOD nonblocking thread (0) finished.
[LOG] Thread::callback                         : FMOD file thread finished.
